<?xml version="1.0" encoding="UTF-8"?>
<testng-results skipped="0" failed="0" ignored="0" total="1" passed="1">
  <reporter-output>
  </reporter-output>
  <suite name="Default suite" duration-ms="5628" started-at="2018-08-09T01:40:44Z" finished-at="2018-08-09T01:40:50Z">
    <groups>
    </groups>
    <test name="Default test" duration-ms="5628" started-at="2018-08-09T01:40:44Z" finished-at="2018-08-09T01:40:50Z">
      <class name="restAssured.Second">
        <test-method status="PASS" signature="testXPath1()[pri:0, instance:restAssured.Second@7dc7cbad]" name="testXPath1" duration-ms="5546" started-at="2018-08-08T21:40:44Z" finished-at="2018-08-08T21:40:50Z">
          <reporter-output>
          </reporter-output>
        </test-method> <!-- testXPath1 -->
      </class> <!-- restAssured.Second -->
    </test> <!-- Default test -->
  </suite> <!-- Default suite -->
</testng-results>
